This is pdfTeX, Version 3.14159265-2.6-1.40.15 (TeX Live 2014/W32TeX) (preloaded format=pdflatex 2015.3.24)  1 MAY 2015 20:44
entering extended mode
 restricted \write18 enabled.
 %&-line parsing enabled.
**Template_BachelorsThesis.tex
(./Template_BachelorsThesis.tex
LaTeX2e <2014/05/01>
Babel <3.9l> and hyphenation patterns for 79 languages loaded.
(./FITthesis.cls
Document Class: FITthesis 2013/03/13 CTU FIT standard class for theses
(c:/texlive/2014/texmf-dist/tex/latex/memoir/memoir.cls
Document Class: memoir 2015/03/05 v3.7c configurable book, report, article docu
ment class
\onelineskip=\skip41
\lxvchars=\skip42
\xlvchars=\skip43
\@memcnta=\count79
\c@@memmarkcntra=\count80
(c:/texlive/2014/texmf-dist/tex/generic/oberdiek/ifpdf.sty
Package: ifpdf 2011/01/30 v2.3 Provides the ifpdf switch (HO)
Package ifpdf Info: pdfTeX in PDF mode is detected.
)
(c:/texlive/2014/texmf-dist/tex/latex/ifetex/ifetex.sty
Package: ifetex 2011/12/15 v1.2 ifetex

(c:/texlive/2014/texmf-dist/tex/plain/ifetex/ifetex.tex))
(c:/texlive/2014/texmf-dist/tex/generic/ifxetex/ifxetex.sty
Package: ifxetex 2010/09/12 v0.6 Provides ifxetex conditional
)
(c:/texlive/2014/texmf-dist/tex/generic/oberdiek/ifluatex.sty
Package: ifluatex 2010/03/01 v1.3 Provides the ifluatex switch (HO)
Package ifluatex Info: LuaTeX not detected.
)
\stockheight=\skip44
\stockwidth=\skip45
\trimtop=\skip46
\trimedge=\skip47

(c:/texlive/2014/texmf-dist/tex/latex/etex-pkg/etex.sty
Package: etex 2015/03/02 v2.1 eTeX basic definition package (PEB,DPC)
\et@xins=\count81
)
(c:/texlive/2014/texmf-dist/tex/latex/memoir/mem12.clo
File: mem12.clo 2010/10/19 v0.4b memoir class 12pt size option
)
\binding=\skip48
\spinemargin=\skip49
\foremargin=\skip50
\uppermargin=\skip51
\lowermargin=\skip52
\headdrop=\skip53
\normalrulethickness=\skip54
\mem@maxheadheight=\skip55
\mem@maxfootheight=\skip56
\headwidth=\skip57
\c@storedpagenumber=\count82
\memPD=\dimen102
\m@mabparskip=\skip58
\thanksmarkwidth=\skip59
\thanksmarksep=\skip60
\droptitle=\skip61
\c@book=\count83
\c@part=\count84
\c@chapter=\count85
\c@section=\count86
\c@subsection=\count87
\c@subsubsection=\count88
\c@paragraph=\count89
\c@subparagraph=\count90
\beforechapskip=\skip62
\midchapskip=\skip63
\afterchapskip=\skip64
\chapindent=\skip65
\bottomsectionskip=\skip66
\secindent=\skip67
\beforesecskip=\skip68
\aftersecskip=\skip69
\subsecindent=\skip70
\beforesubsecskip=\skip71
\aftersubsecskip=\skip72
\subsubsecindent=\skip73
\beforesubsubsecskip=\skip74
\aftersubsubsecskip=\skip75
\paraindent=\skip76
\beforeparaskip=\skip77
\afterparaskip=\skip78
\subparaindent=\skip79
\beforesubparaskip=\skip80
\aftersubparaskip=\skip81
\pfbreakskip=\skip82
\c@@ppsavesec=\count91
\c@@ppsaveapp=\count92
\ragrparindent=\dimen103
\everylistparindent=\dimen104
\parsepi=\skip83
\topsepi=\skip84
\itemsepi=\skip85
\parsepii=\skip86
\topsepii=\skip87
\topsepiii=\skip88
\itemsepii=\skip89
\itemsepiii=\skip90
\partopsepii=\skip91
\partopsepiii=\skip92
\m@msavetopsep=\skip93
\m@msavepartopsep=\skip94
\@enLab=\toks14
\abstitleskip=\skip95
\absleftindent=\skip96
\abs@leftindent=\dimen105
\absrightindent=\skip97
\absparindent=\skip98
\absparsep=\skip99
\c@vslineno=\count93
\c@poemline=\count94
\c@modulo@vs=\count95
\c@memfvsline=\count96
\vleftskip=\skip100
\vrightskip=\skip101
\stanzaskip=\skip102
\versewidth=\skip103
\vgap=\skip104
\vindent=\skip105
\vleftmargin=\dimen106
\c@verse=\count97
\c@chrsinstr=\count98
\beforepoemtitleskip=\skip106
\afterpoemtitleskip=\skip107
\c@poem=\count99
\beforePoemTitleskip=\skip108
\midPoemTitleskip=\skip109
\afterPoemTitleskip=\skip110
\col@sep=\dimen107
\extrarowheight=\dimen108
\NC@list=\toks15
\extratabsurround=\skip111
\backup@length=\skip112
\TX@col@width=\dimen109
\TX@old@table=\dimen110
\TX@old@col=\dimen111
\TX@target=\dimen112
\TX@delta=\dimen113
\TX@cols=\count100
\TX@ftn=\toks16
\heavyrulewidth=\dimen114
\lightrulewidth=\dimen115
\cmidrulewidth=\dimen116
\belowrulesep=\dimen117
\belowbottomsep=\dimen118
\aboverulesep=\dimen119
\abovetopsep=\dimen120
\cmidrulesep=\dimen121
\cmidrulekern=\dimen122
\defaultaddspace=\dimen123
\@cmidla=\count101
\@cmidlb=\count102
\@aboverulesep=\dimen124
\@belowrulesep=\dimen125
\@thisruleclass=\count103
\@lastruleclass=\count104
\@thisrulewidth=\dimen126
\ctableftskip=\skip113
\ctabrightskip=\skip114
\abovecolumnspenalty=\count105
\@linestogo=\count106
\@cellstogo=\count107
\@cellsincolumn=\count108
\crtok=\toks17
\@mincolumnwidth=\dimen127
\c@newflo@tctr=\count109
\mem@margin@floatbox=\box26
\@contcwidth=\skip115
\@contindw=\skip116
\abovecaptionskip=\skip117
\belowcaptionskip=\skip118
\subfloattopskip=\skip119
\subfloatcapskip=\skip120
\subfloatcaptopadj=\skip121
\subfloatbottomskip=\skip122
\subfloatlabelskip=\skip123
\subfloatcapmargin=\dimen128
\c@@contsubnum=\count110
\m@mscap@capbox=\box27
\m@mscap@fbox=\box28
\sidecapsep=\dimen129
\sidecapwidth=\dimen130
\m@m@tempdima=\dimen131
\m@mscapraise=\dimen132
\sidecapraise=\dimen133
\m@mscapmainwidth=\dimen134
\m@mscaplkern=\dimen135
\beforeepigraphskip=\skip124
\afterepigraphskip=\skip125
\epigraphwidth=\skip126
\epigraphrule=\skip127
LaTeX Info: Redefining \em on input line 7514.
LaTeX Info: Redefining \emph on input line 7522.
\tocentryskip=\skip128
\tocbaseline=\skip129
\cftparskip=\skip130
\cftbeforebookskip=\skip131
\cftbookindent=\dimen136
\cftbooknumwidth=\dimen137
\cftbeforepartskip=\skip132
\cftpartindent=\skip133
\cftpartnumwidth=\skip134
\cftbeforechapterskip=\skip135
\cftchapterindent=\skip136
\cftchapternumwidth=\skip137
\cftbeforesectionskip=\skip138
\cftsectionindent=\skip139
\cftsectionnumwidth=\skip140
\cftbeforesubsectionskip=\skip141
\cftsubsectionindent=\skip142
\cftsubsectionnumwidth=\skip143
\cftbeforesubsubsectionskip=\skip144
\cftsubsubsectionindent=\skip145
\cftsubsubsectionnumwidth=\skip146
\cftbeforeparagraphskip=\skip147
\cftparagraphindent=\skip148
\cftparagraphnumwidth=\skip149
\cftbeforesubparagraphskip=\skip150
\cftsubparagraphindent=\skip151
\cftsubparagraphnumwidth=\skip152
\prechapterprecisshift=\dimen138
\c@maxsecnumdepth=\count111
\bibindent=\dimen139
\bibitemsep=\skip153
\indexcolsep=\skip154
\indexrule=\skip155
\indexmarkstyle=\toks18
\@indexbox=\insert233
\glossarycolsep=\dimen140
\glossaryrule=\dimen141
\sideparvshift=\skip156
\sideins=\insert232
\sidebartopsep=\skip157
\sidebarhsep=\skip158
\sidebarvsep=\skip159
\sidebarwidth=\skip160
\footmarkwidth=\skip161
\footmarksep=\skip162
\footparindent=\skip163
\footinsdim=\skip164
\footinsv@r=\insert231
\@mpfootinsv@r=\insert230
\m@m@k=\count112
\m@m@h=\dimen142
\m@mipn@skip=\skip165
\sidefootins=\insert229
\sidefootadjust=\skip166
\sidefootheight=\skip167
\sidefoothsep=\skip168
\sidefootvsep=\skip169
\sidefootwidth=\skip170
\m@mdownsf=\skip171
\c@sidefootnote=\count113
\sidefootmarkwidth=\skip172
\sidefootmarksep=\skip173
\sidefootparindent=\skip174
\c@pagenote=\count114
\c@pagenoteshadow=\count115
\mem@pn@lastkern=\skip175
\every@verbatim=\toks19
\afterevery@verbatim=\toks20
\verbatim@line=\toks21
\tab@position=\count116
\verbatim@in@stream=\read1
\verbatimindent=\skip176
\verbatim@out=\write3
\bvboxsep=\skip177
\c@memfbvline=\count117
\c@bvlinectr=\count118
\bvnumlength=\skip178
\fb@frw=\dimen143
\fb@frh=\dimen144
\FrameRule=\dimen145
\FrameSep=\dimen146
\c@cp@cntr=\count119
LaTeX Info: Redefining \: on input line 11980.
LaTeX Info: Redefining \! on input line 11982.
\c@ism@mctr=\count120
\c@xsm@mctr=\count121
\c@csm@mctr=\count122
\c@ksm@mctr=\count123
\c@xksm@mctr=\count124
\c@cksm@mctr=\count125
\c@msm@mctr=\count126
\c@xmsm@mctr=\count127
\c@cmsm@mctr=\count128
\c@bsm@mctr=\count129
\c@workm@mctr=\count130
\c@sheetsequence=\count131
\c@lastsheet=\count132
\c@lastpage=\count133
\c@figure=\count134
\c@lofdepth=\count135
\cftbeforefigureskip=\skip179
\cftfigureindent=\skip180
\cftfigurenumwidth=\skip181
\c@table=\count136
\c@lotdepth=\count137
\cftbeforetableskip=\skip182
\cfttableindent=\skip183
\cfttablenumwidth=\skip184
Package abstract [2008/07/23] emulated by memoir.
Package appendix [2008/07/23] emulated by memoir.
Package array [2008/09/09] emulated by memoir.
Package booktabs [2008/07/23] emulated by memoir.
Package ccaption [2008/07/23] emulated by memoir.
Package changepage [2008/07/23] emulated by memoir.
Package chngcntr [2008/07/23] emulated by memoir.
Package chngpage [2008/07/23] emulated by memoir.
Package crop emulated by memoir.
Package dcolumn [2008/07/23] emulated by memoir.
Package delarray [2008/07/23] emulated by memoir.
Package enumerate [2008/07/23] emulated by memoir.
Package epigraph [2008/07/23] emulated by memoir.
Package ifmtarg [2008/07/23] emulated by memoir.
Package index [2008/07/23] emulated by memoir.
Package makeidx [2008/07/23] emulated by memoir.
Package moreverb [2008/07/23] emulated by memoir.
Package mparhack [2008/07/23] emulated by memoir.
Package needspace [2008/07/23] emulated by memoir.
Package newfile [2008/07/23] emulated by memoir.
Package nextpage [2008/07/23] emulated by memoir.
Package pagenote [2008/07/23] emulated by memoir.
Package parskip [2008/07/23] emulated by memoir.
Package patchcmd [2008/07/23] emulated by memoir.
Package setspace [2008/07/23] emulated by memoir.
Package shortvrb [2008/07/23] emulated by memoir.
Package showidx [2008/07/23] emulated by memoir.
Package tabularx [2008/07/23] emulated by memoir.
Package titleref [2008/07/23] emulated by memoir.
Package titling [2008/07/23] emulated by memoir.
Package tocbibind [2008/07/23] emulated by memoir.
Package tocloft [2008/07/23] emulated by memoir.
Package tocvsec2 [2008/07/23] emulated by memoir.
Package verbatim [2008/07/23] emulated by memoir.
Package verse [2008/07/23] emulated by memoir.

(c:/texlive/2014/texmf-dist/tex/latex/memoir/mempatch.sty
Package: mempatch 2009/07/24 v6.0f Patches for memoir class v1.6180339
))
(c:/texlive/2014/texmf-dist/tex/generic/babel/babel.sty
Package: babel 2014/09/25 3.9l The Babel package

(c:/texlive/2014/texmf-dist/tex/generic/babel-english/english.ldf
Language: english 2012/08/20 v3.3p English support from the babel system

(c:/texlive/2014/texmf-dist/tex/generic/babel/babel.def
File: babel.def 2014/09/25 3.9l Babel common definitions
\babel@savecnt=\count138
\U@D=\dimen147
)
\l@canadian = a dialect from \language\l@american 
\l@australian = a dialect from \language\l@british 
\l@newzealand = a dialect from \language\l@british 
)
(c:/texlive/2014/texmf-dist/tex/generic/babel-czech/czech.ldf
Language: czech 2008/07/06 v3.1a Czech support from the babel system
Package babel Info: Making " an active character on input line 172.
\cs@wordlen=\count139
Package babel Info: Making - an active character on input line 226.
)
(c:/texlive/2014/texmf-dist/tex/generic/babel-english/english.ldf
Language: english 2012/08/20 v3.3p English support from the babel system
))

Package Babel Warning: The package option `english' should not be used
(Babel)                with a more specific one (like `UKenglish') on input lin
e 43.

(c:/texlive/2014/texmf-dist/tex/latex/hyperref/hyperref.sty
Package: hyperref 2012/11/06 v6.83m Hypertext links for LaTeX

(c:/texlive/2014/texmf-dist/tex/generic/oberdiek/hobsub-hyperref.sty
Package: hobsub-hyperref 2012/05/28 v1.13 Bundle oberdiek, subset hyperref (HO)


(c:/texlive/2014/texmf-dist/tex/generic/oberdiek/hobsub-generic.sty
Package: hobsub-generic 2012/05/28 v1.13 Bundle oberdiek, subset generic (HO)
Package: hobsub 2012/05/28 v1.13 Construct package bundles (HO)
Package: infwarerr 2010/04/08 v1.3 Providing info/warning/error messages (HO)
Package: ltxcmds 2011/11/09 v1.22 LaTeX kernel commands for general use (HO)
Package hobsub Info: Skipping package `ifluatex' (already loaded).
Package: ifvtex 2010/03/01 v1.5 Detect VTeX and its facilities (HO)
Package ifvtex Info: VTeX not detected.
Package: intcalc 2007/09/27 v1.1 Expandable calculations with integers (HO)
Package hobsub Info: Skipping package `ifpdf' (already loaded).
Package: etexcmds 2011/02/16 v1.5 Avoid name clashes with e-TeX commands (HO)
Package etexcmds Info: Could not find \expanded.
(etexcmds)             That can mean that you are not using pdfTeX 1.50 or
(etexcmds)             that some package has redefined \expanded.
(etexcmds)             In the latter case, load this package earlier.
Package: kvsetkeys 2012/04/25 v1.16 Key value parser (HO)
Package: kvdefinekeys 2011/04/07 v1.3 Define keys (HO)
Package: pdftexcmds 2011/11/29 v0.20 Utility functions of pdfTeX for LuaTeX (HO
)
Package pdftexcmds Info: LuaTeX not detected.
Package pdftexcmds Info: \pdf@primitive is available.
Package pdftexcmds Info: \pdf@ifprimitive is available.
Package pdftexcmds Info: \pdfdraftmode found.
Package: pdfescape 2011/11/25 v1.13 Implements pdfTeX's escape features (HO)
Package: bigintcalc 2012/04/08 v1.3 Expandable calculations on big integers (HO
)
Package: bitset 2011/01/30 v1.1 Handle bit-vector datatype (HO)
Package: uniquecounter 2011/01/30 v1.2 Provide unlimited unique counter (HO)
)
Package hobsub Info: Skipping package `hobsub' (already loaded).
Package: letltxmacro 2010/09/02 v1.4 Let assignment for LaTeX macros (HO)
Package: hopatch 2012/05/28 v1.2 Wrapper for package hooks (HO)
Package: xcolor-patch 2011/01/30 xcolor patch
Package: atveryend 2011/06/30 v1.8 Hooks at the very end of document (HO)
Package atveryend Info: \enddocument detected (standard20110627).
Package: atbegshi 2011/10/05 v1.16 At begin shipout hook (HO)
Package: refcount 2011/10/16 v3.4 Data extraction from label references (HO)
Package: hycolor 2011/01/30 v1.7 Color options for hyperref/bookmark (HO)
)
(c:/texlive/2014/texmf-dist/tex/latex/graphics/keyval.sty
Package: keyval 2014/10/28 v1.15 key=value parser (DPC)
\KV@toks@=\toks22
)
(c:/texlive/2014/texmf-dist/tex/latex/oberdiek/auxhook.sty
Package: auxhook 2011/03/04 v1.3 Hooks for auxiliary files (HO)
)
(c:/texlive/2014/texmf-dist/tex/latex/oberdiek/kvoptions.sty
Package: kvoptions 2011/06/30 v3.11 Key value format for package options (HO)
)
\@linkdim=\dimen148
\Hy@linkcounter=\count140
\Hy@pagecounter=\count141

(c:/texlive/2014/texmf-dist/tex/latex/hyperref/pd1enc.def
File: pd1enc.def 2012/11/06 v6.83m Hyperref: PDFDocEncoding definition (HO)
)
\Hy@SavedSpaceFactor=\count142

(c:/texlive/2014/texmf-dist/tex/latex/latexconfig/hyperref.cfg
File: hyperref.cfg 2002/06/06 v1.2 hyperref configuration of TeXLive
)
Package hyperref Info: Hyper figures OFF on input line 4443.
Package hyperref Info: Link nesting OFF on input line 4448.
Package hyperref Info: Hyper index ON on input line 4451.
Package hyperref Info: Plain pages OFF on input line 4458.
Package hyperref Info: Backreferencing OFF on input line 4463.
Package hyperref Info: Implicit mode ON; LaTeX internals redefined.
Package hyperref Info: Bookmarks ON on input line 4688.
\c@Hy@tempcnt=\count143

(c:/texlive/2014/texmf-dist/tex/latex/url/url.sty
\Urlmuskip=\muskip10
Package: url 2013/09/16  ver 3.4  Verb mode for urls, etc.
)
LaTeX Info: Redefining \url on input line 5041.
\XeTeXLinkMargin=\dimen149
\Fld@menulength=\count144
\Field@Width=\dimen150
\Fld@charsize=\dimen151
Package hyperref Info: Hyper figures OFF on input line 6295.
Package hyperref Info: Link nesting OFF on input line 6300.
Package hyperref Info: Hyper index ON on input line 6303.
Package hyperref Info: backreferencing OFF on input line 6310.
Package hyperref Info: Link coloring OFF on input line 6315.
Package hyperref Info: Link coloring with OCG OFF on input line 6320.
Package hyperref Info: PDF/A mode OFF on input line 6325.
LaTeX Info: Redefining \ref on input line 6365.
LaTeX Info: Redefining \pageref on input line 6369.
\Hy@abspage=\count145
\c@Item=\count146
\c@Hfootnote=\count147
)
(c:/texlive/2014/texmf-dist/tex/latex/memoir/memhfixc.sty
Package: memhfixc 2013/05/30 v1.17 nameref/hyperref package fixes for memoir cl
ass
\c@memhycontfloat=\count148
\c@Hpagenote=\count149
)

Package hyperref Message: Driver (autodetected): hpdftex.

(c:/texlive/2014/texmf-dist/tex/latex/hyperref/hpdftex.def
File: hpdftex.def 2012/11/06 v6.83m Hyperref driver for pdfTeX
\Fld@listcount=\count150
\c@bookmark@seq@number=\count151

(c:/texlive/2014/texmf-dist/tex/latex/oberdiek/rerunfilecheck.sty
Package: rerunfilecheck 2011/04/15 v1.7 Rerun checks for auxiliary files (HO)
Package uniquecounter Info: New unique counter `rerunfilecheck' on input line 2
82.
)
\Hy@SectionHShift=\skip185
)

******************************************************
Stock height and width: 845.04684pt by 597.50787pt
Top and edge trims: 0pt and 0pt
Page height and width: 845.04684pt by 597.50787pt
Text height and width: 592pt by 383pt
Spine and edge margins: 113.81102pt and 100.69685pt
Upper and lower margins: 128.64378pt and 124.40306pt
Headheight and headsep: 14.5pt and 19.8738pt
Footskip: 30pt
Columnsep and columnseprule: 10pt and 0pt
Marginparsep and marginparwidth: 7pt and 86.69685pt
Sidecapsep and sidecapwidth: 7pt and 92pt
Sidebarhsep and sidebarwidth: 7pt and 92pt
Sidebarvsep and sidebartopsep: 14.5pt and 0pt
Sidebarheight: 590.14995pt
Sidefoothsep and sidefootwidth: 7pt and 92pt
Sidefootvsep and sidefootheight: 14.5pt and 590.14995pt
******************************************************

(c:/texlive/2014/texmf-dist/tex/latex/etoolbox/etoolbox.sty
Package: etoolbox 2015/03/19 v2.1d e-TeX tools for LaTeX (JAW)
\etb@tempcnta=\count152
))
(c:/texlive/2014/texmf-dist/tex/latex/graphics/graphicx.sty
Package: graphicx 2014/10/28 v1.0g Enhanced LaTeX Graphics (DPC,SPQR)

(c:/texlive/2014/texmf-dist/tex/latex/graphics/graphics.sty
Package: graphics 2014/10/28 v1.0p Standard LaTeX Graphics (DPC,SPQR)

(c:/texlive/2014/texmf-dist/tex/latex/graphics/trig.sty
Package: trig 1999/03/16 v1.09 sin cos tan (DPC)
)
(c:/texlive/2014/texmf-dist/tex/latex/latexconfig/graphics.cfg
File: graphics.cfg 2010/04/23 v1.9 graphics configuration of TeX Live
)
Package graphics Info: Driver file: pdftex.def on input line 91.

(c:/texlive/2014/texmf-dist/tex/latex/pdftex-def/pdftex.def
File: pdftex.def 2011/05/27 v0.06d Graphics/color for pdfTeX
\Gread@gobject=\count153
))
\Gin@req@height=\dimen152
\Gin@req@width=\dimen153
)
(c:/texlive/2014/texmf-dist/tex/generic/dirtree/dirtree.sty
Package: dirtree 2012/12/11 v0.32 package wrapper for dirtree

(c:/texlive/2014/texmf-dist/tex/generic/dirtree/dirtree.tex
`dirtree' v0.32, 2012/12/11 (jcc)
\DT@offset=\dimen154
\DT@width=\dimen155
\DT@sep=\dimen156
\DT@all=\dimen157
\DT@rulewidth=\dimen158
\DT@dotwidth=\dimen159
\DTbaselineskip=\dimen160
\DT@counti=\count154
\DT@countii=\count155
\DT@countiii=\count156
\DT@countiv=\count157
\DT@indent=\dimen161
\DT@parskip=\dimen162
\DT@baselineskip=\dimen163
)
File: dirtree.tex 2012/12/11 v0.32 `dirtree' (jcc)
)
(c:/texlive/2014/texmf-dist/tex/latex/listings/listings.sty
\lst@mode=\count158
\lst@gtempboxa=\box29
\lst@token=\toks23
\lst@length=\count159
\lst@currlwidth=\dimen164
\lst@column=\count160
\lst@pos=\count161
\lst@lostspace=\dimen165
\lst@width=\dimen166
\lst@newlines=\count162
\lst@lineno=\count163
\lst@maxwidth=\dimen167

(c:/texlive/2014/texmf-dist/tex/latex/listings/lstmisc.sty
File: lstmisc.sty 2014/09/06 1.5e (Carsten Heinz)
\c@lstnumber=\count164
\lst@skipnumbers=\count165
\lst@framebox=\box30
)
(c:/texlive/2014/texmf-dist/tex/latex/listings/listings.cfg
File: listings.cfg 2014/09/06 1.5e listings configuration
))
Package: listings 2014/09/06 1.5e (Carsten Heinz)

(./Template_BachelorsThesis.aux)
\openout1 = `Template_BachelorsThesis.aux'.

LaTeX Font Info:    Checking defaults for OML/cmm/m/it on input line 77.
LaTeX Font Info:    ... okay on input line 77.
LaTeX Font Info:    Checking defaults for T1/cmr/m/n on input line 77.
LaTeX Font Info:    ... okay on input line 77.
LaTeX Font Info:    Checking defaults for OT1/cmr/m/n on input line 77.
LaTeX Font Info:    ... okay on input line 77.
LaTeX Font Info:    Checking defaults for OMS/cmsy/m/n on input line 77.
LaTeX Font Info:    ... okay on input line 77.
LaTeX Font Info:    Checking defaults for OMX/cmex/m/n on input line 77.
LaTeX Font Info:    ... okay on input line 77.
LaTeX Font Info:    Checking defaults for U/cmr/m/n on input line 77.
LaTeX Font Info:    ... okay on input line 77.
LaTeX Font Info:    Checking defaults for PD1/pdf/m/n on input line 77.
LaTeX Font Info:    ... okay on input line 77.
\AtBeginShipoutBox=\box31
Package hyperref Info: Link coloring OFF on input line 77.

(c:/texlive/2014/texmf-dist/tex/latex/hyperref/nameref.sty
Package: nameref 2012/10/27 v2.43 Cross-referencing by name of section

(c:/texlive/2014/texmf-dist/tex/generic/oberdiek/gettitlestring.sty
Package: gettitlestring 2010/12/03 v1.4 Cleanup title references (HO)
)
\c@section@level=\count166
)
Redoing nameref's sectioning
Redoing nameref's label
LaTeX Info: Redefining \nameref on input line 77.
LaTeX Info: Redefining \ref on input line 77.
LaTeX Info: Redefining \pageref on input line 77.
LaTeX Info: Redefining \nameref on input line 77.
(./Template_BachelorsThesis.out) (./Template_BachelorsThesis.out)
\@outlinefile=\write4
\openout4 = `Template_BachelorsThesis.out'.

 [1


{c:/texlive/2014/texmf-var/fonts/map/pdftex/updmap/pdftex.map}] [2

]
LaTeX Font Info:    External font `cmex10' loaded for size
(Font)              <12> on input line 77.
LaTeX Font Info:    External font `cmex10' loaded for size
(Font)              <8> on input line 77.
LaTeX Font Info:    External font `cmex10' loaded for size
(Font)              <6> on input line 77.

<cvut-logo-bw.pdf, id=239, 91.34125pt x 69.25874pt>
File: cvut-logo-bw.pdf Graphic file (type pdf)
 <use cvut-logo-bw.pdf>
Package pdftex.def Info: cvut-logo-bw.pdf used on input line 77.
(pdftex.def)             Requested size: 61.2814pt x 46.4665pt.

Underfull \hbox (badness 10000) in alignment at lines 77--77
[][] 
 []

pdfTeX warning (ext4): destination with the same identifier (name{page.i}) has 
been already used, duplicate ignored
<to be read again> 
                   \relax 
l.77 \begin{document}
                      [1 <./cvut-logo-bw.pdf>]pdfTeX warning (ext4): destinatio
n with the same identifier (name{page.ii}) has been already used, duplicate ign
ored
<to be read again> 
                   \relax 
l.77 \begin{document}
                      [2

]

LaTeX Font Warning: Font shape `OT1/cmr/bx/sc' undefined
(Font)              using `OT1/cmr/bx/n' instead on input line 77.


LaTeX Font Warning: Font shape `OT1/cmss/bx/sc' undefined
(Font)              using `OT1/cmss/bx/n' instead on input line 77.

[5

] [6

] [7]
LaTeX Font Info:    Try loading font information for OMS+cmr on input line 77.
 (c:/texlive/2014/texmf-dist/tex/latex/base/omscmr.fd
File: omscmr.fd 2014/09/29 v2.5h Standard LaTeX font definitions
)
LaTeX Font Info:    Font shape `OMS/cmr/m/n' in size <12> not available
(Font)              Font shape `OMS/cmsy/m/n' tried instead on input line 77.
 [8

] [9

]
[10

] (./Template_BachelorsThesis.toc [11]) [12] (./Template_BachelorsThesis.lof) [
13

] [14

] (c:/texlive/2014/texmf-dist/tex/context/base/supp-pdf.mkii
[Loading MPS to PDF converter (version 2006.09.02).]
\scratchcounter=\count167
\scratchdimen=\dimen168
\scratchbox=\box32
\nofMPsegments=\count168
\nofMParguments=\count169
\everyMPshowfont=\toks24
\MPscratchCnt=\count170
\MPscratchDim=\dimen169
\MPnumerator=\count171
\makeMPintoPDFobject=\count172
\everyMPtoPDFconversion=\toks25
) (c:/texlive/2014/texmf-dist/tex/latex/oberdiek/epstopdf-base.sty
Package: epstopdf-base 2010/02/09 v2.5 Base part for package epstopdf

(c:/texlive/2014/texmf-dist/tex/latex/oberdiek/grfext.sty
Package: grfext 2010/08/19 v1.1 Manage graphics extensions (HO)
)
Package grfext Info: Graphics extension search list:
(grfext)             [.png,.pdf,.jpg,.mps,.jpeg,.jbig2,.jb2,.PNG,.PDF,.JPG,.JPE
G,.JBIG2,.JB2,.eps]
(grfext)             \AppendGraphicsExtensions on input line 452.

(c:/texlive/2014/texmf-dist/tex/latex/latexconfig/epstopdf-sys.cfg
File: epstopdf-sys.cfg 2010/07/13 v1.3 Configuration of (r)epstopdf for TeX Liv
e
))
\c@lstlisting=\count173
Missing character: There is no â in font cmr12!
Missing character: There is no € in font cmr12!
Missing character: There is no “ in font cmr12!
 [1


]
[2

]
Overfull \hbox (9.39525pt too wide) in paragraph at lines 110--111
[]\OT1/cmr/m/n/12 User should
 []


Overfull \hbox (6.13672pt too wide) in paragraph at lines 112--113
[]\OT1/cmr/m/n/12 User should be
 []


Overfull \hbox (42.118pt too wide) in paragraph at lines 114--115
[]
 []

[3]
Overfull \hbox (36.98192pt too wide) in paragraph at lines 116--117
[]
 []

[4]
Overfull \hbox (9.10132pt too wide) in paragraph at lines 155--157
[]\OT1/cmr/m/n/12 User wants to edit pro-ject metadata and save changes
 []


Overfull \hbox (13.06763pt too wide) in paragraph at lines 158--159
[]\OT1/cmr/m/n/12 User clicks "sync" but-ton. Plu-gin syn-chron-izes items with
 NARRA. 
 []

[5] <./IMAGES/UseCases.pdf, id=409, 722.7pt x 542.025pt>
File: ./IMAGES/UseCases.pdf Graphic file (type pdf)

<use ./IMAGES/UseCases.pdf>
Package pdftex.def Info: ./IMAGES/UseCases.pdf used on input line 179.
(pdftex.def)             Requested size: 383.0pt x 287.24706pt.
 [6 <./IMAGES/UseCases.pdf>]
<./IMAGES/StructureofNARRA.png, id=491, 622.57594pt x 553.31718pt>
File: ./IMAGES/StructureofNARRA.png Graphic file (type png)

<use ./IMAGES/StructureofNARRA.png>
Package pdftex.def Info: ./IMAGES/StructureofNARRA.png used on input line 191.
(pdftex.def)             Requested size: 383.0pt x 340.39359pt.
 [7 <./IMAGES/StructureofNARRA.png>]
[8]
Overfull \hbox (2.79706pt too wide) in paragraph at lines 224--225
[]\OT1/cmr/m/n/12 A REST-ful Web ser-vice ex-poses
 []

[9]
Overfull \hbox (1.0666pt too wide) in paragraph at lines 227--228
[]\OT1/cmr/m/n/12 Every in-ter-ac-tion with a re-
 []


Overfull \hbox (11.63824pt too wide) in paragraph at lines 232--233
[]\OT1/cmr/m/n/12 RESTful Web ser-vices are de-signed to be simple. HTTP
 []

[10] [11]
Overfull \hbox (53.9249pt too wide) in paragraph at lines 271--271
 []  \OT1/cmtt/m/n/12 "image":"https://lh3.googleusercontent.com/.../photo.jpg?
sz=50",[] 
 []


LaTeX Warning: Citation `api_items' on page 12 undefined on input line 277.

[12]
Overfull \hbox (84.79991pt too wide) in paragraph at lines 333--333
 []  \OT1/cmtt/m/n/12 "library":{"id":"552a328961633276b1000000","name":"Exampl
e Library"},[] 
 []

[13]
Overfull \hbox (23.04988pt too wide) in paragraph at lines 367--367
 []   \OT1/cmtt/m/n/12 "contributors":[{"username":"bob","name":"Bob Example"}]
},[] 
 []

[14]
Overfull \hbox (10.69987pt too wide) in paragraph at lines 405--405
 []  \OT1/cmtt/m/n/12 "contributors":[{"username":"bob","name":"Bob Example"}],
[] 
 []

[15] [16]
Overfull \hbox (23.04988pt too wide) in paragraph at lines 497--497
 []    \OT1/cmtt/m/n/12 "contributors":[{"username":"bob","name":"Bob Example"}
]}[] 
 []

[17] [18] <./IMAGES/oauthwebflow.png, id=567, 365.365pt x 378.41376pt>
File: ./IMAGES/oauthwebflow.png Graphic file (type png)

<use ./IMAGES/oauthwebflow.png>
Package pdftex.def Info: ./IMAGES/oauthwebflow.png used on input line 549.
(pdftex.def)             Requested size: 268.09883pt x 277.68904pt.
 [19]
Package hyperref Info: bookmark level for unknown lstlisting defaults to 0 on i
nput line 559.

Underfull \vbox (badness 1194) has occurred while \output is active []

 [20 <./IMAGES/oauthwebflow.png>] [21] [22] [23] [24

]
Underfull \vbox (badness 1412) has occurred while \output is active []

 [25]
<./IMAGES/PremiereMain.png, id=633, 1445.4pt x 782.925pt>
File: ./IMAGES/PremiereMain.png Graphic file (type png)

<use ./IMAGES/PremiereMain.png>
Package pdftex.def Info: ./IMAGES/PremiereMain.png used on input line 657.
(pdftex.def)             Requested size: 421.30234pt x 228.20123pt.

Overfull \hbox (38.30234pt too wide) in paragraph at lines 657--658
 [][] 
 []


Underfull \vbox (badness 10000) has occurred while \output is active []

 [26 <./IMAGES/PremiereMain.png>]
Missing character: There is no â in font cmr12!
Missing character: There is no € in font cmr12!
Missing character: There is no ™ in font cmr12!
 [27]
Overfull \hbox (4.38582pt too wide) in paragraph at lines 678--679
[]\OT1/cmr/m/n/12 ECMAScript syn-tax in-ten-tion-ally re-sembles Java syn-tax. 
ECMAScript
 []

[28] [29] [30

]
Missing character: There is no â in font cmr12!
Missing character: There is no € in font cmr12!
Missing character: There is no ™ in font cmr12!
Missing character: There is no â in font cmr12!
Missing character: There is no € in font cmr12!
Missing character: There is no ™ in font cmr12!
Missing character: There is no â in font cmr12!
Missing character: There is no € in font cmr12!
Missing character: There is no ™ in font cmr12!
Missing character: There is no â in font cmr12!
Missing character: There is no € in font cmr12!
Missing character: There is no ™ in font cmr12!
Missing character: There is no â in font cmr12!
Missing character: There is no € in font cmr12!
Missing character: There is no ™ in font cmr12!
 [31]
<./IMAGES/LoginPage.png, id=668, 426.84468pt x 272.51813pt>
File: ./IMAGES/LoginPage.png Graphic file (type png)

<use ./IMAGES/LoginPage.png>
Package pdftex.def Info: ./IMAGES/LoginPage.png used on input line 709.
(pdftex.def)             Requested size: 383.0pt x 244.5405pt.
 [32 <./IMAGES/LoginPage.png>]
<./IMAGES/Projects.png, id=674, 426.84468pt x 272.51813pt>
File: ./IMAGES/Projects.png Graphic file (type png)

<use ./IMAGES/Projects.png>
Package pdftex.def Info: ./IMAGES/Projects.png used on input line 722.
(pdftex.def)             Requested size: 383.0pt x 244.5405pt.

<./IMAGES/libraries.png, id=675, 426.84468pt x 272.51813pt>
File: ./IMAGES/libraries.png Graphic file (type png)

<use ./IMAGES/libraries.png>
Package pdftex.def Info: ./IMAGES/libraries.png used on input line 727.
(pdftex.def)             Requested size: 383.0pt x 244.5405pt.
 [33 <./IMAGES/Projects.png>] [34 <./IMAGES/libraries.png>] <./IMAGES/AuthSeqDi
ag.pdf, id=686, 722.7pt x 542.025pt>
File: ./IMAGES/AuthSeqDiag.pdf Graphic file (type pdf)

<use ./IMAGES/AuthSeqDiag.pdf>
Package pdftex.def Info: ./IMAGES/AuthSeqDiag.pdf used on input line 753.
(pdftex.def)             Requested size: 383.0pt x 287.24706pt.
 [35

]
Overfull \hbox (2.39047pt too wide) in paragraph at lines 757--758
[]\OT1/cmr/m/n/12 Key func-tion there is \OT1/cmtt/m/n/12 openURLInDefaultBrows
er(url)\OT1/cmr/m/n/12 . It is the method
 []

<./IMAGES/ProjectsSeqDiag.pdf, id=693, 722.7pt x 542.025pt>
File: ./IMAGES/ProjectsSeqDiag.pdf Graphic file (type pdf)

<use ./IMAGES/ProjectsSeqDiag.pdf>
Package pdftex.def Info: ./IMAGES/ProjectsSeqDiag.pdf used on input line 762.
(pdftex.def)             Requested size: 383.0pt x 287.24706pt.
 [36 <./IMAGES/AuthSeqDiag.pdf>]
Overfull \hbox (62.18245pt too wide) in paragraph at lines 768--769
[]\OT1/cmr/m/n/12 The key func-tions in this pro-cess are \OT1/cmtt/m/n/12 load
Projects() \OT1/cmr/m/n/12 and \OT1/cmtt/m/n/12 displayProjects(data)\OT1/cmr/m
/n/12 . 
 []


Overfull \hbox (5.19542pt too wide) in paragraph at lines 772--773
\OT1/cmr/m/n/12 parses it and gen-er-ates HTML con-tent that will be in-ser-ted
 into \OT1/cmtt/m/n/12 <div></div>
 []

LaTeX Font Info:    Font shape `OT1/cmtt/bx/n' in size <10> not available
(Font)              Font shape `OT1/cmtt/m/n' tried instead on input line 774.
[37 <./IMAGES/ProjectsSeqDiag.pdf>] [38] [39] [40

]
Overfull \hbox (2.00017pt too wide) in paragraph at lines 825--826
[]\OT1/cmr/m/n/12 Also re-spons-ive-ness or our user in-ter-face was tested, pl
ug-in was launched
 []

[41] [42] (./Template_BachelorsThesis.bbl [43

] [44

]
bibitemlist
LaTeX Font Info:    Try loading font information for OML+cmr on input line 14.
(c:/texlive/2014/texmf-dist/tex/latex/base/omlcmr.fd
File: omlcmr.fd 2014/09/29 v2.5h Standard LaTeX font definitions
)
LaTeX Font Info:    Font shape `OML/cmr/m/n' in size <12> not available
(Font)              Font shape `OML/cmm/m/it' tried instead on input line 14.

Underfull \hbox (badness 10000) in paragraph at lines 12--15
[]\OT1/cmr/m/n/12 CNET: Adobe kills Cre-at-ive Suite, goes subscription-only.
 []


Underfull \hbox (badness 4132) in paragraph at lines 12--15
\OT1/cmr/m/n/12 2014, [On-line; ac-cessed 30-March-2015]. Avail-able at WWW:
 []


Underfull \hbox (badness 10000) in paragraph at lines 12--15
\OML/cmm/m/it/12 <[]$\OT1/cmtt/m/n/12 http : / / www\OML/cmm/m/it/12 :\OT1/cmtt
/m/n/12 cnet\OML/cmm/m/it/12 :\OT1/cmtt/m/n/12 com / news / adobe -[] kills -[]
 creative -[] suite -[] goes -[]
 []


Underfull \hbox (badness 2521) in paragraph at lines 17--20
[]\OT1/cmr/m/n/12 Fadeyev, D.: 8 Char-ac-ter-ist-ics Of Suc-cess-ful User In-te
r-faces.
 []


Underfull \hbox (badness 6047) in paragraph at lines 17--20
\OT1/cmr/m/n/12 2009, [On-line; ac-cessed 23-April-2015]. Avail-able at WWW:
 []


Underfull \hbox (badness 10000) in paragraph at lines 17--20
\OML/cmm/m/it/12 <[]$\OT1/cmtt/m/n/12 http : / / usabilitypost\OML/cmm/m/it/12 
:\OT1/cmtt/m/n/12 com / 2009 / 04 / 15 / 8 -[] characteristics -[]
 []

[45]) [46]
Overfull \hbox (43.47621pt too wide) in paragraph at lines 854--855
[]\OT1/cmr/m/n/12 Adobe Premiere Pro CC ([]$\OT1/cmtt/m/n/12 https : / / www\OM
L/cmm/m/it/12 :\OT1/cmtt/m/n/12 adobe\OML/cmm/m/it/12 :\OT1/cmtt/m/n/12 com / p
roducts / premiere\OML/cmm/m/it/12 :\OT1/cmtt/m/n/12 html$[]\OT1/cmr/m/n/12 ) 
 []


Overfull \hbox (23.65094pt too wide) in paragraph at lines 855--856
[]\OT1/cmr/m/n/12 Adobe Ex-ten-sion Man-ager CC ([]$\OT1/cmtt/m/n/12 https : / 
/ creative\OML/cmm/m/it/12 :\OT1/cmtt/m/n/12 adobe\OML/cmm/m/it/12 :\OT1/cmtt/m
/n/12 com / products /
 []

[47

]
LaTeX Font Info:    Try loading font information for OMS+cmtt on input line 876
.
LaTeX Font Info:    No file OMScmtt.fd. on input line 876.


LaTeX Font Warning: Font shape `OMS/cmtt/m/n' undefined
(Font)              using `OMS/cmsy/m/n' instead
(Font)              for symbol `textbraceleft' on input line 876.


Overfull \hbox (29.41187pt too wide) in paragraph at lines 876--877
\OT1/cmr/m/n/12 win-dow: \OMS/cmtt/m/n/12 f\OT1/cmtt/m/n/12 "status":"OK","toke
n":"MTRzNjc2MhAxNDYzORk0NTgwAjUv"\OMS/cmtt/m/n/12 g\OT1/cmr/m/n/12 . 
 []


Overfull \hbox (35.28458pt too wide) in paragraph at lines 877--878
[]\OT1/cmr/m/n/12 Copy token value without quotes (MTRzNjc2MhAxNDYzORk0NTgwAjUv
). 
 []

[48] [49] [50

] [51] [52

] [53]
\tf@toc=\write5
\openout5 = `Template_BachelorsThesis.toc'.

\tf@lof=\write6
\openout6 = `Template_BachelorsThesis.lof'.

Package atveryend Info: Empty hook `BeforeClearDocument' on input line 958.
Package atveryend Info: Empty hook `AfterLastShipout' on input line 958.
 (./Template_BachelorsThesis.aux)
Package atveryend Info: Executing hook `AtVeryEndDocument' on input line 958.
Package atveryend Info: Executing hook `AtEndAfterFileList' on input line 958.


Package rerunfilecheck Warning: File `Template_BachelorsThesis.out' has changed
.
(rerunfilecheck)                Rerun to get outlines right
(rerunfilecheck)                or use package `bookmark'.

Package rerunfilecheck Info: Checksums for `Template_BachelorsThesis.out':
(rerunfilecheck)             Before: BBE3980961A658D35353B75E3207A01E;3567
(rerunfilecheck)             After:  70F5152253587E6124629CAFF6BDF14C;3681.

LaTeX Font Warning: Some font shapes were not available, defaults substituted.


LaTeX Warning: There were undefined references.

Package atveryend Info: Empty hook `AtVeryVeryEnd' on input line 958.
 ) 
Here is how much of TeX's memory you used:
 11185 strings out of 493109
 159359 string characters out of 6138587
 339793 words of memory out of 5000000
 14310 multiletter control sequences out of 15000+600000
 11641 words of font info for 41 fonts, out of 8000000 for 9000
 1141 hyphenation exceptions out of 8191
 38i,13n,40p,1110b,1732s stack positions out of 5000i,500n,10000p,200000b,80000s
<c:/texlive/2014/texmf-dist/fonts/type1/public/amsfonts/cm/cmbx12.pfb><c:/tex
live/2014/texmf-dist/fonts/type1/public/amsfonts/cm/cmbxti10.pfb><c:/texlive/20
14/texmf-dist/fonts/type1/public/amsfonts/cm/cmcsc10.pfb><c:/texlive/2014/texmf
-dist/fonts/type1/public/amsfonts/cm/cmmi12.pfb><c:/texlive/2014/texmf-dist/fon
ts/type1/public/amsfonts/cm/cmr10.pfb><c:/texlive/2014/texmf-dist/fonts/type1/p
ublic/amsfonts/cm/cmr12.pfb><c:/texlive/2014/texmf-dist/fonts/type1/public/amsf
onts/cm/cmr17.pfb><c:/texlive/2014/texmf-dist/fonts/type1/public/amsfonts/cm/cm
r8.pfb><c:/texlive/2014/texmf-dist/fonts/type1/public/amsfonts/cm/cmssbx10.pfb>
<c:/texlive/2014/texmf-dist/fonts/type1/public/amsfonts/cm/cmsy10.pfb><c:/texli
ve/2014/texmf-dist/fonts/type1/public/amsfonts/cm/cmti12.pfb><c:/texlive/2014/t
exmf-dist/fonts/type1/public/amsfonts/cm/cmtt10.pfb><c:/texlive/2014/texmf-dist
/fonts/type1/public/amsfonts/cm/cmtt12.pfb>
Output written on Template_BachelorsThesis.pdf (67 pages, 759939 bytes).
PDF statistics:
 1035 PDF objects out of 1200 (max. 8388607)
 925 compressed objects within 10 object streams
 234 named destinations out of 1000 (max. 500000)
 499 words of extra memory for PDF output out of 10000 (max. 10000000)

