\BOOKMARK [2][-]{section*.1}{Citation of this thesis}{}% 1
\BOOKMARK [0][-]{chapter*.5}{Introduction}{}% 2
\BOOKMARK [0][-]{chapter.1}{Analysis}{}% 3
\BOOKMARK [1][-]{section.1.1}{Requirements specification}{chapter.1}% 4
\BOOKMARK [2][-]{subsection.1.1.1}{Functional requirements}{section.1.1}% 5
\BOOKMARK [2][-]{subsection.1.1.2}{Non-Functional requirements}{section.1.1}% 6
\BOOKMARK [1][-]{section.1.2}{Use cases}{chapter.1}% 7
\BOOKMARK [1][-]{section.1.3}{Structure of application}{chapter.1}% 8
\BOOKMARK [1][-]{section.1.4}{Web API}{chapter.1}% 9
\BOOKMARK [2][-]{subsection.1.4.1}{SOAP}{section.1.4}% 10
\BOOKMARK [2][-]{subsection.1.4.2}{REST}{section.1.4}% 11
\BOOKMARK [2][-]{subsection.1.4.3}{NARRA API}{section.1.4}% 12
\BOOKMARK [1][-]{section.1.5}{Authorization}{chapter.1}% 13
\BOOKMARK [2][-]{subsection.1.5.1}{OAuth 2.0}{section.1.5}% 14
\BOOKMARK [1][-]{section.1.6}{Sequences}{chapter.1}% 15
\BOOKMARK [1][-]{section.1.7}{Metadata}{chapter.1}% 16
\BOOKMARK [2][-]{subsection.1.7.1}{Dublin Core metadata standard}{section.1.7}% 17
\BOOKMARK [2][-]{subsection.1.7.2}{NARRA metadata element set}{section.1.7}% 18
\BOOKMARK [2][-]{subsection.1.7.3}{Metadata synchronization with NARRA}{section.1.7}% 19
\BOOKMARK [0][-]{chapter.2}{Paradigm shift}{}% 20
\BOOKMARK [1][-]{section.2.1}{Adobe Premiere Pro CC}{chapter.2}% 21
\BOOKMARK [2][-]{subsection.2.1.1}{Overview}{section.2.1}% 22
\BOOKMARK [2][-]{subsection.2.1.2}{History}{section.2.1}% 23
\BOOKMARK [1][-]{section.2.2}{ExtendScript}{chapter.2}% 24
\BOOKMARK [2][-]{subsection.2.2.1}{ECMAScript}{section.2.2}% 25
\BOOKMARK [0][-]{chapter.3}{Design}{}% 26
\BOOKMARK [1][-]{section.3.1}{User interface}{chapter.3}% 27
\BOOKMARK [2][-]{subsection.3.1.1}{Login page}{section.3.1}% 28
\BOOKMARK [2][-]{subsection.3.1.2}{Project list}{section.3.1}% 29
\BOOKMARK [2][-]{subsection.3.1.3}{List of items}{section.3.1}% 30
\BOOKMARK [0][-]{chapter.4}{Implementation}{}% 31
\BOOKMARK [1][-]{section.4.1}{Application architecture}{chapter.4}% 32
\BOOKMARK [1][-]{section.4.2}{Realization of application logic}{chapter.4}% 33
\BOOKMARK [2][-]{subsection.4.2.1}{Authorization}{section.4.2}% 34
\BOOKMARK [2][-]{subsection.4.2.2}{Displaying project list}{section.4.2}% 35
\BOOKMARK [2][-]{subsection.4.2.3}{Communication with Adobe Premiere Pro}{section.4.2}% 36
\BOOKMARK [0][-]{chapter.5}{Testing}{}% 37
\BOOKMARK [1][-]{section.5.1}{User interface}{chapter.5}% 38
\BOOKMARK [1][-]{section.5.2}{Business logic}{chapter.5}% 39
\BOOKMARK [0][-]{chapter*.6}{Conclusion}{}% 40
\BOOKMARK [0][-]{section*.8}{Bibliography}{}% 41
\BOOKMARK [0][-]{appendix.A}{User guide}{}% 42
\BOOKMARK [1][-]{section.A.1}{Installation}{appendix.A}% 43
\BOOKMARK [1][-]{section.A.2}{Starting the plug-in}{appendix.A}% 44
\BOOKMARK [1][-]{section.A.3}{Using the plug-in}{appendix.A}% 45
\BOOKMARK [2][-]{subsection.A.3.1}{Login}{section.A.3}% 46
\BOOKMARK [2][-]{subsection.A.3.2}{Logout}{section.A.3}% 47
\BOOKMARK [2][-]{subsection.A.3.3}{List accessible projects}{section.A.3}% 48
\BOOKMARK [2][-]{subsection.A.3.4}{List all accessible libraries}{section.A.3}% 49
\BOOKMARK [2][-]{subsection.A.3.5}{List accessible project libraries}{section.A.3}% 50
\BOOKMARK [2][-]{subsection.A.3.6}{List accessible items from a chosen library}{section.A.3}% 51
\BOOKMARK [2][-]{subsection.A.3.7}{Access item's description}{section.A.3}% 52
\BOOKMARK [2][-]{subsection.A.3.8}{Item import}{section.A.3}% 53
\BOOKMARK [2][-]{subsection.A.3.9}{Item search}{section.A.3}% 54
\BOOKMARK [2][-]{subsection.A.3.10}{Synchronization of metadata}{section.A.3}% 55
\BOOKMARK [0][-]{appendix.B}{Acronyms}{}% 56
\BOOKMARK [0][-]{appendix.C}{Contents of enclosed CD}{}% 57
